<?xml version="1.0" encoding="UTF-8"?>
<testsuite xmlns:xsi="http://www.w3.org/2001/XMLSchema-instance" xsi:noNamespaceSchemaLocation="https://maven.apache.org/surefire/maven-surefire-plugin/xsd/surefire-test-report.xsd" name="com.zkml.official_zuul.DemoZuulApplicationTests" time="8.157" tests="1" errors="0" skipped="0" failures="0">
  <properties>
    <property name="sun.desktop" value="windows"/>
    <property name="awt.toolkit" value="sun.awt.windows.WToolkit"/>
    <property name="file.encoding.pkg" value="sun.io"/>
    <property name="java.specification.version" value="1.8"/>
    <property name="sun.cpu.isalist" value="amd64"/>
    <property name="sun.jnu.encoding" value="GBK"/>
    <property name="java.class.path" value="F:\workspace\official_reception\official_zuul\target\test-classes;F:\workspace\official_reception\official_zuul\target\classes;F:\apache-maven-3.3.9-bin\local  repository\org\springframework\cloud\spring-cloud-starter-netflix-zuul\2.1.0.RELEASE\spring-cloud-starter-netflix-zuul-2.1.0.RELEASE.jar;F:\apache-maven-3.3.9-bin\local  repository\org\springframework\cloud\spring-cloud-netflix-zuul\2.1.0.RELEASE\spring-cloud-netflix-zuul-2.1.0.RELEASE.jar;F:\apache-maven-3.3.9-bin\local  repository\org\apache\httpcomponents\httpclient\4.5.7\httpclient-4.5.7.jar;F:\apache-maven-3.3.9-bin\local  repository\org\apache\httpcomponents\httpcore\4.4.11\httpcore-4.4.11.jar;F:\apache-maven-3.3.9-bin\local  repository\commons-codec\commons-codec\1.11\commons-codec-1.11.jar;F:\apache-maven-3.3.9-bin\local  repository\com\netflix\netflix-commons\netflix-commons-util\0.3.0\netflix-commons-util-0.3.0.jar;F:\apache-maven-3.3.9-bin\local  repository\javax\inject\javax.inject\1\javax.inject-1.jar;F:\apache-maven-3.3.9-bin\local  repository\org\springframework\cloud\spring-cloud-starter\2.1.0.RELEASE\spring-cloud-starter-2.1.0.RELEASE.jar;F:\apache-maven-3.3.9-bin\local  repository\org\springframework\cloud\spring-cloud-context\2.1.0.RELEASE\spring-cloud-context-2.1.0.RELEASE.jar;F:\apache-maven-3.3.9-bin\local  repository\org\springframework\security\spring-security-crypto\5.1.4.RELEASE\spring-security-crypto-5.1.4.RELEASE.jar;F:\apache-maven-3.3.9-bin\local  repository\org\springframework\cloud\spring-cloud-commons\2.1.0.RELEASE\spring-cloud-commons-2.1.0.RELEASE.jar;F:\apache-maven-3.3.9-bin\local  repository\org\springframework\security\spring-security-rsa\1.0.7.RELEASE\spring-security-rsa-1.0.7.RELEASE.jar;F:\apache-maven-3.3.9-bin\local  repository\org\bouncycastle\bcpkix-jdk15on\1.60\bcpkix-jdk15on-1.60.jar;F:\apache-maven-3.3.9-bin\local  repository\org\bouncycastle\bcprov-jdk15on\1.60\bcprov-jdk15on-1.60.jar;F:\apache-maven-3.3.9-bin\local  repository\org\springframework\boot\spring-boot-starter-web\2.1.3.RELEASE\spring-boot-starter-web-2.1.3.RELEASE.jar;F:\apache-maven-3.3.9-bin\local  repository\org\springframework\boot\spring-boot-starter-json\2.1.3.RELEASE\spring-boot-starter-json-2.1.3.RELEASE.jar;F:\apache-maven-3.3.9-bin\local  repository\com\fasterxml\jackson\datatype\jackson-datatype-jdk8\2.9.8\jackson-datatype-jdk8-2.9.8.jar;F:\apache-maven-3.3.9-bin\local  repository\com\fasterxml\jackson\datatype\jackson-datatype-jsr310\2.9.8\jackson-datatype-jsr310-2.9.8.jar;F:\apache-maven-3.3.9-bin\local  repository\com\fasterxml\jackson\module\jackson-module-parameter-names\2.9.8\jackson-module-parameter-names-2.9.8.jar;F:\apache-maven-3.3.9-bin\local  repository\org\springframework\boot\spring-boot-starter-tomcat\2.1.3.RELEASE\spring-boot-starter-tomcat-2.1.3.RELEASE.jar;F:\apache-maven-3.3.9-bin\local  repository\org\apache\tomcat\embed\tomcat-embed-core\9.0.16\tomcat-embed-core-9.0.16.jar;F:\apache-maven-3.3.9-bin\local  repository\org\apache\tomcat\embed\tomcat-embed-el\9.0.16\tomcat-embed-el-9.0.16.jar;F:\apache-maven-3.3.9-bin\local  repository\org\apache\tomcat\embed\tomcat-embed-websocket\9.0.16\tomcat-embed-websocket-9.0.16.jar;F:\apache-maven-3.3.9-bin\local  repository\org\hibernate\validator\hibernate-validator\6.0.14.Final\hibernate-validator-6.0.14.Final.jar;F:\apache-maven-3.3.9-bin\local  repository\javax\validation\validation-api\2.0.1.Final\validation-api-2.0.1.Final.jar;F:\apache-maven-3.3.9-bin\local  repository\org\jboss\logging\jboss-logging\3.3.2.Final\jboss-logging-3.3.2.Final.jar;F:\apache-maven-3.3.9-bin\local  repository\com\fasterxml\classmate\1.4.0\classmate-1.4.0.jar;F:\apache-maven-3.3.9-bin\local  repository\org\springframework\spring-webmvc\5.1.5.RELEASE\spring-webmvc-5.1.5.RELEASE.jar;F:\apache-maven-3.3.9-bin\local  repository\org\springframework\spring-aop\5.1.5.RELEASE\spring-aop-5.1.5.RELEASE.jar;F:\apache-maven-3.3.9-bin\local  repository\org\springframework\spring-context\5.1.5.RELEASE\spring-context-5.1.5.RELEASE.jar;F:\apache-maven-3.3.9-bin\local  repository\org\springframework\spring-expression\5.1.5.RELEASE\spring-expression-5.1.5.RELEASE.jar;F:\apache-maven-3.3.9-bin\local  repository\org\springframework\boot\spring-boot-starter-actuator\2.1.3.RELEASE\spring-boot-starter-actuator-2.1.3.RELEASE.jar;F:\apache-maven-3.3.9-bin\local  repository\org\springframework\boot\spring-boot-actuator-autoconfigure\2.1.3.RELEASE\spring-boot-actuator-autoconfigure-2.1.3.RELEASE.jar;F:\apache-maven-3.3.9-bin\local  repository\org\springframework\boot\spring-boot-actuator\2.1.3.RELEASE\spring-boot-actuator-2.1.3.RELEASE.jar;F:\apache-maven-3.3.9-bin\local  repository\io\micrometer\micrometer-core\1.1.3\micrometer-core-1.1.3.jar;F:\apache-maven-3.3.9-bin\local  repository\org\hdrhistogram\HdrHistogram\2.1.9\HdrHistogram-2.1.9.jar;F:\apache-maven-3.3.9-bin\local  repository\org\latencyutils\LatencyUtils\2.0.3\LatencyUtils-2.0.3.jar;F:\apache-maven-3.3.9-bin\local  repository\org\springframework\cloud\spring-cloud-starter-netflix-hystrix\2.1.0.RELEASE\spring-cloud-starter-netflix-hystrix-2.1.0.RELEASE.jar;F:\apache-maven-3.3.9-bin\local  repository\org\springframework\cloud\spring-cloud-netflix-ribbon\2.1.0.RELEASE\spring-cloud-netflix-ribbon-2.1.0.RELEASE.jar;F:\apache-maven-3.3.9-bin\local  repository\com\netflix\hystrix\hystrix-core\1.5.18\hystrix-core-1.5.18.jar;F:\apache-maven-3.3.9-bin\local  repository\com\netflix\hystrix\hystrix-serialization\1.5.18\hystrix-serialization-1.5.18.jar;F:\apache-maven-3.3.9-bin\local  repository\com\fasterxml\jackson\module\jackson-module-afterburner\2.9.8\jackson-module-afterburner-2.9.8.jar;F:\apache-maven-3.3.9-bin\local  repository\com\netflix\hystrix\hystrix-metrics-event-stream\1.5.18\hystrix-metrics-event-stream-1.5.18.jar;F:\apache-maven-3.3.9-bin\local  repository\com\netflix\hystrix\hystrix-javanica\1.5.18\hystrix-javanica-1.5.18.jar;F:\apache-maven-3.3.9-bin\local  repository\org\ow2\asm\asm\5.0.4\asm-5.0.4.jar;F:\apache-maven-3.3.9-bin\local  repository\org\aspectj\aspectjweaver\1.9.2\aspectjweaver-1.9.2.jar;F:\apache-maven-3.3.9-bin\local  repository\io\reactivex\rxjava-reactive-streams\1.2.1\rxjava-reactive-streams-1.2.1.jar;F:\apache-maven-3.3.9-bin\local  repository\org\reactivestreams\reactive-streams\1.0.2\reactive-streams-1.0.2.jar;F:\apache-maven-3.3.9-bin\local  repository\org\springframework\cloud\spring-cloud-starter-netflix-ribbon\2.1.0.RELEASE\spring-cloud-starter-netflix-ribbon-2.1.0.RELEASE.jar;F:\apache-maven-3.3.9-bin\local  repository\com\netflix\ribbon\ribbon\2.3.0\ribbon-2.3.0.jar;F:\apache-maven-3.3.9-bin\local  repository\com\netflix\ribbon\ribbon-transport\2.3.0\ribbon-transport-2.3.0.jar;F:\apache-maven-3.3.9-bin\local  repository\io\reactivex\rxnetty-contexts\0.4.9\rxnetty-contexts-0.4.9.jar;F:\apache-maven-3.3.9-bin\local  repository\io\reactivex\rxnetty-servo\0.4.9\rxnetty-servo-0.4.9.jar;F:\apache-maven-3.3.9-bin\local  repository\io\reactivex\rxnetty\0.4.9\rxnetty-0.4.9.jar;F:\apache-maven-3.3.9-bin\local  repository\com\netflix\ribbon\ribbon-core\2.3.0\ribbon-core-2.3.0.jar;F:\apache-maven-3.3.9-bin\local  repository\commons-lang\commons-lang\2.6\commons-lang-2.6.jar;F:\apache-maven-3.3.9-bin\local  repository\com\netflix\ribbon\ribbon-httpclient\2.3.0\ribbon-httpclient-2.3.0.jar;F:\apache-maven-3.3.9-bin\local  repository\com\netflix\ribbon\ribbon-loadbalancer\2.3.0\ribbon-loadbalancer-2.3.0.jar;F:\apache-maven-3.3.9-bin\local  repository\com\netflix\netflix-commons\netflix-statistics\0.1.1\netflix-statistics-0.1.1.jar;F:\apache-maven-3.3.9-bin\local  repository\io\reactivex\rxjava\1.3.8\rxjava-1.3.8.jar;F:\apache-maven-3.3.9-bin\local  repository\org\springframework\cloud\spring-cloud-starter-netflix-archaius\2.1.0.RELEASE\spring-cloud-starter-netflix-archaius-2.1.0.RELEASE.jar;F:\apache-maven-3.3.9-bin\local  repository\org\springframework\cloud\spring-cloud-netflix-archaius\2.1.0.RELEASE\spring-cloud-netflix-archaius-2.1.0.RELEASE.jar;F:\apache-maven-3.3.9-bin\local  repository\com\netflix\archaius\archaius-core\0.7.6\archaius-core-0.7.6.jar;F:\apache-maven-3.3.9-bin\local  repository\com\google\code\findbugs\jsr305\3.0.1\jsr305-3.0.1.jar;F:\apache-maven-3.3.9-bin\local  repository\commons-configuration\commons-configuration\1.8\commons-configuration-1.8.jar;F:\apache-maven-3.3.9-bin\local  repository\com\netflix\zuul\zuul-core\1.3.1\zuul-core-1.3.1.jar;F:\apache-maven-3.3.9-bin\local  repository\commons-io\commons-io\2.4\commons-io-2.4.jar;F:\apache-maven-3.3.9-bin\local  repository\org\slf4j\slf4j-api\1.7.25\slf4j-api-1.7.25.jar;F:\apache-maven-3.3.9-bin\local  repository\com\netflix\servo\servo-core\0.12.21\servo-core-0.12.21.jar;F:\apache-maven-3.3.9-bin\local  repository\org\springframework\cloud\spring-cloud-starter-netflix-eureka-client\2.1.0.RELEASE\spring-cloud-starter-netflix-eureka-client-2.1.0.RELEASE.jar;F:\apache-maven-3.3.9-bin\local  repository\org\springframework\cloud\spring-cloud-netflix-hystrix\2.1.0.RELEASE\spring-cloud-netflix-hystrix-2.1.0.RELEASE.jar;F:\apache-maven-3.3.9-bin\local  repository\org\springframework\boot\spring-boot-autoconfigure\2.1.3.RELEASE\spring-boot-autoconfigure-2.1.3.RELEASE.jar;F:\apache-maven-3.3.9-bin\local  repository\org\springframework\boot\spring-boot-starter-aop\2.1.3.RELEASE\spring-boot-starter-aop-2.1.3.RELEASE.jar;F:\apache-maven-3.3.9-bin\local  repository\org\springframework\cloud\spring-cloud-netflix-eureka-client\2.1.0.RELEASE\spring-cloud-netflix-eureka-client-2.1.0.RELEASE.jar;F:\apache-maven-3.3.9-bin\local  repository\com\netflix\eureka\eureka-client\1.9.8\eureka-client-1.9.8.jar;F:\apache-maven-3.3.9-bin\local  repository\org\codehaus\jettison\jettison\1.3.7\jettison-1.3.7.jar;F:\apache-maven-3.3.9-bin\local  repository\stax\stax-api\1.0.1\stax-api-1.0.1.jar;F:\apache-maven-3.3.9-bin\local  repository\com\netflix\netflix-commons\netflix-eventbus\0.3.0\netflix-eventbus-0.3.0.jar;F:\apache-maven-3.3.9-bin\local  repository\com\netflix\netflix-commons\netflix-infix\0.3.0\netflix-infix-0.3.0.jar;F:\apache-maven-3.3.9-bin\local  repository\commons-jxpath\commons-jxpath\1.3\commons-jxpath-1.3.jar;F:\apache-maven-3.3.9-bin\local  repository\joda-time\joda-time\2.10.1\joda-time-2.10.1.jar;F:\apache-maven-3.3.9-bin\local  repository\org\antlr\antlr-runtime\3.4\antlr-runtime-3.4.jar;F:\apache-maven-3.3.9-bin\local  repository\org\antlr\stringtemplate\3.2.1\stringtemplate-3.2.1.jar;F:\apache-maven-3.3.9-bin\local  repository\antlr\antlr\2.7.7\antlr-2.7.7.jar;F:\apache-maven-3.3.9-bin\local  repository\com\google\code\gson\gson\2.8.5\gson-2.8.5.jar;F:\apache-maven-3.3.9-bin\local  repository\org\apache\commons\commons-math\2.2\commons-math-2.2.jar;F:\apache-maven-3.3.9-bin\local  repository\javax\ws\rs\jsr311-api\1.1.1\jsr311-api-1.1.1.jar;F:\apache-maven-3.3.9-bin\local  repository\com\sun\jersey\jersey-core\1.19.1\jersey-core-1.19.1.jar;F:\apache-maven-3.3.9-bin\local  repository\com\sun\jersey\jersey-client\1.19.1\jersey-client-1.19.1.jar;F:\apache-maven-3.3.9-bin\local  repository\com\sun\jersey\contribs\jersey-apache-client4\1.19.1\jersey-apache-client4-1.19.1.jar;F:\apache-maven-3.3.9-bin\local  repository\com\google\inject\guice\4.1.0\guice-4.1.0.jar;F:\apache-maven-3.3.9-bin\local  repository\aopalliance\aopalliance\1.0\aopalliance-1.0.jar;F:\apache-maven-3.3.9-bin\local  repository\com\github\vlsi\compactmap\compactmap\1.2.1\compactmap-1.2.1.jar;F:\apache-maven-3.3.9-bin\local  repository\com\github\andrewoma\dexx\dexx-collections\0.2\dexx-collections-0.2.jar;F:\apache-maven-3.3.9-bin\local  repository\com\fasterxml\jackson\core\jackson-core\2.9.8\jackson-core-2.9.8.jar;F:\apache-maven-3.3.9-bin\local  repository\com\netflix\eureka\eureka-core\1.9.8\eureka-core-1.9.8.jar;F:\apache-maven-3.3.9-bin\local  repository\org\codehaus\woodstox\woodstox-core-asl\4.4.1\woodstox-core-asl-4.4.1.jar;F:\apache-maven-3.3.9-bin\local  repository\javax\xml\stream\stax-api\1.0-2\stax-api-1.0-2.jar;F:\apache-maven-3.3.9-bin\local  repository\org\codehaus\woodstox\stax2-api\3.1.4\stax2-api-3.1.4.jar;F:\apache-maven-3.3.9-bin\local  repository\com\netflix\ribbon\ribbon-eureka\2.3.0\ribbon-eureka-2.3.0.jar;F:\apache-maven-3.3.9-bin\local  repository\com\thoughtworks\xstream\xstream\1.4.10\xstream-1.4.10.jar;F:\apache-maven-3.3.9-bin\local  repository\xmlpull\xmlpull\1.1.3.1\xmlpull-1.1.3.1.jar;F:\apache-maven-3.3.9-bin\local  repository\xpp3\xpp3_min\1.1.4c\xpp3_min-1.1.4c.jar;F:\apache-maven-3.3.9-bin\local  repository\org\springframework\boot\spring-boot-starter-test\2.1.3.RELEASE\spring-boot-starter-test-2.1.3.RELEASE.jar;F:\apache-maven-3.3.9-bin\local  repository\org\springframework\boot\spring-boot-starter\2.1.3.RELEASE\spring-boot-starter-2.1.3.RELEASE.jar;F:\apache-maven-3.3.9-bin\local  repository\org\springframework\boot\spring-boot\2.1.3.RELEASE\spring-boot-2.1.3.RELEASE.jar;F:\apache-maven-3.3.9-bin\local  repository\org\springframework\boot\spring-boot-starter-logging\2.1.3.RELEASE\spring-boot-starter-logging-2.1.3.RELEASE.jar;F:\apache-maven-3.3.9-bin\local  repository\ch\qos\logback\logback-classic\1.2.3\logback-classic-1.2.3.jar;F:\apache-maven-3.3.9-bin\local  repository\ch\qos\logback\logback-core\1.2.3\logback-core-1.2.3.jar;F:\apache-maven-3.3.9-bin\local  repository\org\apache\logging\log4j\log4j-to-slf4j\2.11.2\log4j-to-slf4j-2.11.2.jar;F:\apache-maven-3.3.9-bin\local  repository\org\apache\logging\log4j\log4j-api\2.11.2\log4j-api-2.11.2.jar;F:\apache-maven-3.3.9-bin\local  repository\org\slf4j\jul-to-slf4j\1.7.25\jul-to-slf4j-1.7.25.jar;F:\apache-maven-3.3.9-bin\local  repository\javax\annotation\javax.annotation-api\1.3.2\javax.annotation-api-1.3.2.jar;F:\apache-maven-3.3.9-bin\local  repository\org\yaml\snakeyaml\1.23\snakeyaml-1.23.jar;F:\apache-maven-3.3.9-bin\local  repository\org\springframework\boot\spring-boot-test\2.1.3.RELEASE\spring-boot-test-2.1.3.RELEASE.jar;F:\apache-maven-3.3.9-bin\local  repository\org\springframework\boot\spring-boot-test-autoconfigure\2.1.3.RELEASE\spring-boot-test-autoconfigure-2.1.3.RELEASE.jar;F:\apache-maven-3.3.9-bin\local  repository\com\jayway\jsonpath\json-path\2.4.0\json-path-2.4.0.jar;F:\apache-maven-3.3.9-bin\local  repository\net\minidev\json-smart\2.3\json-smart-2.3.jar;F:\apache-maven-3.3.9-bin\local  repository\net\minidev\accessors-smart\1.2\accessors-smart-1.2.jar;F:\apache-maven-3.3.9-bin\local  repository\junit\junit\4.12\junit-4.12.jar;F:\apache-maven-3.3.9-bin\local  repository\org\assertj\assertj-core\3.11.1\assertj-core-3.11.1.jar;F:\apache-maven-3.3.9-bin\local  repository\org\mockito\mockito-core\2.23.4\mockito-core-2.23.4.jar;F:\apache-maven-3.3.9-bin\local  repository\net\bytebuddy\byte-buddy\1.9.10\byte-buddy-1.9.10.jar;F:\apache-maven-3.3.9-bin\local  repository\net\bytebuddy\byte-buddy-agent\1.9.10\byte-buddy-agent-1.9.10.jar;F:\apache-maven-3.3.9-bin\local  repository\org\objenesis\objenesis\2.6\objenesis-2.6.jar;F:\apache-maven-3.3.9-bin\local  repository\org\hamcrest\hamcrest-core\1.3\hamcrest-core-1.3.jar;F:\apache-maven-3.3.9-bin\local  repository\org\hamcrest\hamcrest-library\1.3\hamcrest-library-1.3.jar;F:\apache-maven-3.3.9-bin\local  repository\org\skyscreamer\jsonassert\1.5.0\jsonassert-1.5.0.jar;F:\apache-maven-3.3.9-bin\local  repository\com\vaadin\external\google\android-json\0.0.20131108.vaadin1\android-json-0.0.20131108.vaadin1.jar;F:\apache-maven-3.3.9-bin\local  repository\org\springframework\spring-core\5.1.5.RELEASE\spring-core-5.1.5.RELEASE.jar;F:\apache-maven-3.3.9-bin\local  repository\org\springframework\spring-jcl\5.1.5.RELEASE\spring-jcl-5.1.5.RELEASE.jar;F:\apache-maven-3.3.9-bin\local  repository\org\springframework\spring-test\5.1.5.RELEASE\spring-test-5.1.5.RELEASE.jar;F:\apache-maven-3.3.9-bin\local  repository\org\xmlunit\xmlunit-core\2.6.2\xmlunit-core-2.6.2.jar;F:\apache-maven-3.3.9-bin\local  repository\org\springframework\cloud\spring-cloud-starter-zipkin\2.1.0.RELEASE\spring-cloud-starter-zipkin-2.1.0.RELEASE.jar;F:\apache-maven-3.3.9-bin\local  repository\org\springframework\cloud\spring-cloud-starter-sleuth\2.1.0.RELEASE\spring-cloud-starter-sleuth-2.1.0.RELEASE.jar;F:\apache-maven-3.3.9-bin\local  repository\org\springframework\cloud\spring-cloud-sleuth-core\2.1.0.RELEASE\spring-cloud-sleuth-core-2.1.0.RELEASE.jar;F:\apache-maven-3.3.9-bin\local  repository\org\aspectj\aspectjrt\1.9.2\aspectjrt-1.9.2.jar;F:\apache-maven-3.3.9-bin\local  repository\io\zipkin\brave\brave\5.6.1\brave-5.6.1.jar;F:\apache-maven-3.3.9-bin\local  repository\io\zipkin\brave\brave-context-log4j2\5.6.1\brave-context-log4j2-5.6.1.jar;F:\apache-maven-3.3.9-bin\local  repository\io\zipkin\brave\brave-instrumentation-spring-web\5.6.1\brave-instrumentation-spring-web-5.6.1.jar;F:\apache-maven-3.3.9-bin\local  repository\io\zipkin\brave\brave-instrumentation-http\5.6.1\brave-instrumentation-http-5.6.1.jar;F:\apache-maven-3.3.9-bin\local  repository\io\zipkin\brave\brave-instrumentation-spring-rabbit\5.6.1\brave-instrumentation-spring-rabbit-5.6.1.jar;F:\apache-maven-3.3.9-bin\local  repository\io\zipkin\brave\brave-instrumentation-kafka-clients\5.6.1\brave-instrumentation-kafka-clients-5.6.1.jar;F:\apache-maven-3.3.9-bin\local  repository\io\zipkin\brave\brave-instrumentation-httpclient\5.6.1\brave-instrumentation-httpclient-5.6.1.jar;F:\apache-maven-3.3.9-bin\local  repository\io\zipkin\brave\brave-instrumentation-httpasyncclient\5.6.1\brave-instrumentation-httpasyncclient-5.6.1.jar;F:\apache-maven-3.3.9-bin\local  repository\io\zipkin\brave\brave-instrumentation-spring-webmvc\5.6.1\brave-instrumentation-spring-webmvc-5.6.1.jar;F:\apache-maven-3.3.9-bin\local  repository\io\zipkin\brave\brave-instrumentation-servlet\5.6.1\brave-instrumentation-servlet-5.6.1.jar;F:\apache-maven-3.3.9-bin\local  repository\io\zipkin\brave\brave-instrumentation-jms\5.6.1\brave-instrumentation-jms-5.6.1.jar;F:\apache-maven-3.3.9-bin\local  repository\org\springframework\cloud\spring-cloud-sleuth-zipkin\2.1.0.RELEASE\spring-cloud-sleuth-zipkin-2.1.0.RELEASE.jar;F:\apache-maven-3.3.9-bin\local  repository\io\zipkin\zipkin2\zipkin\2.12.0\zipkin-2.12.0.jar;F:\apache-maven-3.3.9-bin\local  repository\io\zipkin\reporter2\zipkin-reporter\2.7.14\zipkin-reporter-2.7.14.jar;F:\apache-maven-3.3.9-bin\local  repository\io\zipkin\reporter2\zipkin-sender-kafka11\2.7.14\zipkin-sender-kafka11-2.7.14.jar;F:\apache-maven-3.3.9-bin\local  repository\io\zipkin\reporter2\zipkin-sender-amqp-client\2.7.14\zipkin-sender-amqp-client-2.7.14.jar;F:\apache-maven-3.3.9-bin\local  repository\com\zkml\user_client\1.0-SNAPSHOT\user_client-1.0-SNAPSHOT.jar;F:\apache-maven-3.3.9-bin\local  repository\org\springframework\cloud\spring-cloud-starter-openfeign\2.1.0.RELEASE\spring-cloud-starter-openfeign-2.1.0.RELEASE.jar;F:\apache-maven-3.3.9-bin\local  repository\org\springframework\cloud\spring-cloud-openfeign-core\2.1.0.RELEASE\spring-cloud-openfeign-core-2.1.0.RELEASE.jar;F:\apache-maven-3.3.9-bin\local  repository\io\github\openfeign\form\feign-form-spring\3.5.0\feign-form-spring-3.5.0.jar;F:\apache-maven-3.3.9-bin\local  repository\io\github\openfeign\form\feign-form\3.5.0\feign-form-3.5.0.jar;F:\apache-maven-3.3.9-bin\local  repository\commons-fileupload\commons-fileupload\1.3.3\commons-fileupload-1.3.3.jar;F:\apache-maven-3.3.9-bin\local  repository\io\github\openfeign\feign-core\10.1.0\feign-core-10.1.0.jar;F:\apache-maven-3.3.9-bin\local  repository\io\github\openfeign\feign-slf4j\10.1.0\feign-slf4j-10.1.0.jar;F:\apache-maven-3.3.9-bin\local  repository\io\github\openfeign\feign-hystrix\10.1.0\feign-hystrix-10.1.0.jar;F:\apache-maven-3.3.9-bin\local  repository\org\springframework\spring-web\5.1.5.RELEASE\spring-web-5.1.5.RELEASE.jar;F:\apache-maven-3.3.9-bin\local  repository\org\springframework\spring-beans\5.1.5.RELEASE\spring-beans-5.1.5.RELEASE.jar;F:\apache-maven-3.3.9-bin\local  repository\org\projectlombok\lombok\1.18.6\lombok-1.18.6.jar;F:\apache-maven-3.3.9-bin\local  repository\com\fasterxml\jackson\core\jackson-annotations\2.9.0\jackson-annotations-2.9.0.jar;F:\apache-maven-3.3.9-bin\local  repository\com\zkml\ms_common_obj\0.0.1-SNAPSHOT\ms_common_obj-0.0.1-SNAPSHOT.jar;F:\apache-maven-3.3.9-bin\local  repository\com\zkml\sso_api\2.0-SNAPSHOT\sso_api-2.0-SNAPSHOT.jar;F:\apache-maven-3.3.9-bin\local  repository\com\alibaba\fastjson\1.2.58\fastjson-1.2.58.jar;F:\apache-maven-3.3.9-bin\local  repository\com\zkml\ms_common_util\1.0-SNAPSHOT\ms_common_util-1.0-SNAPSHOT.jar;F:\apache-maven-3.3.9-bin\local  repository\com\fasterxml\jackson\core\jackson-databind\2.9.8\jackson-databind-2.9.8.jar;F:\apache-maven-3.3.9-bin\local  repository\com\google\guava\guava\19.0\guava-19.0.jar;F:\apache-maven-3.3.9-bin\local  repository\net\sf\dozer\dozer\5.5.1\dozer-5.5.1.jar;F:\apache-maven-3.3.9-bin\local  repository\org\apache\commons\commons-lang3\3.8.1\commons-lang3-3.8.1.jar;F:\apache-maven-3.3.9-bin\local  repository\commons-beanutils\commons-beanutils\1.9.3\commons-beanutils-1.9.3.jar;F:\apache-maven-3.3.9-bin\local  repository\commons-logging\commons-logging\1.2\commons-logging-1.2.jar;F:\apache-maven-3.3.9-bin\local  repository\commons-collections\commons-collections\3.2.2\commons-collections-3.2.2.jar;F:\apache-maven-3.3.9-bin\local  repository\org\slf4j\jcl-over-slf4j\1.7.25\jcl-over-slf4j-1.7.25.jar;"/>
    <property name="java.vm.vendor" value="Oracle Corporation"/>
    <property name="sun.arch.data.model" value="64"/>
    <property name="user.variant" value=""/>
    <property name="java.vendor.url" value="http://java.oracle.com/"/>
    <property name="user.timezone" value="Asia/Shanghai"/>
    <property name="java.vm.specification.version" value="1.8"/>
    <property name="os.name" value="Windows 7"/>
    <property name="user.country" value="CN"/>
    <property name="sun.java.launcher" value="SUN_STANDARD"/>
    <property name="sun.boot.library.path" value="F:\jdk1.8\jre\bin"/>
    <property name="sun.java.command" value="C:\Users\fanghui\AppData\Local\Temp\surefire1117756694097946084\surefirebooter5745260242696237796.jar C:\Users\fanghui\AppData\Local\Temp\surefire1117756694097946084 2019-07-01T11-33-32_836-jvmRun1 surefire7118752153818983032tmp surefire_03846294378297760054tmp"/>
    <property name="surefire.test.class.path" value="F:\workspace\official_reception\official_zuul\target\test-classes;F:\workspace\official_reception\official_zuul\target\classes;F:\apache-maven-3.3.9-bin\local  repository\org\springframework\cloud\spring-cloud-starter-netflix-zuul\2.1.0.RELEASE\spring-cloud-starter-netflix-zuul-2.1.0.RELEASE.jar;F:\apache-maven-3.3.9-bin\local  repository\org\springframework\cloud\spring-cloud-netflix-zuul\2.1.0.RELEASE\spring-cloud-netflix-zuul-2.1.0.RELEASE.jar;F:\apache-maven-3.3.9-bin\local  repository\org\apache\httpcomponents\httpclient\4.5.7\httpclient-4.5.7.jar;F:\apache-maven-3.3.9-bin\local  repository\org\apache\httpcomponents\httpcore\4.4.11\httpcore-4.4.11.jar;F:\apache-maven-3.3.9-bin\local  repository\commons-codec\commons-codec\1.11\commons-codec-1.11.jar;F:\apache-maven-3.3.9-bin\local  repository\com\netflix\netflix-commons\netflix-commons-util\0.3.0\netflix-commons-util-0.3.0.jar;F:\apache-maven-3.3.9-bin\local  repository\javax\inject\javax.inject\1\javax.inject-1.jar;F:\apache-maven-3.3.9-bin\local  repository\org\springframework\cloud\spring-cloud-starter\2.1.0.RELEASE\spring-cloud-starter-2.1.0.RELEASE.jar;F:\apache-maven-3.3.9-bin\local  repository\org\springframework\cloud\spring-cloud-context\2.1.0.RELEASE\spring-cloud-context-2.1.0.RELEASE.jar;F:\apache-maven-3.3.9-bin\local  repository\org\springframework\security\spring-security-crypto\5.1.4.RELEASE\spring-security-crypto-5.1.4.RELEASE.jar;F:\apache-maven-3.3.9-bin\local  repository\org\springframework\cloud\spring-cloud-commons\2.1.0.RELEASE\spring-cloud-commons-2.1.0.RELEASE.jar;F:\apache-maven-3.3.9-bin\local  repository\org\springframework\security\spring-security-rsa\1.0.7.RELEASE\spring-security-rsa-1.0.7.RELEASE.jar;F:\apache-maven-3.3.9-bin\local  repository\org\bouncycastle\bcpkix-jdk15on\1.60\bcpkix-jdk15on-1.60.jar;F:\apache-maven-3.3.9-bin\local  repository\org\bouncycastle\bcprov-jdk15on\1.60\bcprov-jdk15on-1.60.jar;F:\apache-maven-3.3.9-bin\local  repository\org\springframework\boot\spring-boot-starter-web\2.1.3.RELEASE\spring-boot-starter-web-2.1.3.RELEASE.jar;F:\apache-maven-3.3.9-bin\local  repository\org\springframework\boot\spring-boot-starter-json\2.1.3.RELEASE\spring-boot-starter-json-2.1.3.RELEASE.jar;F:\apache-maven-3.3.9-bin\local  repository\com\fasterxml\jackson\datatype\jackson-datatype-jdk8\2.9.8\jackson-datatype-jdk8-2.9.8.jar;F:\apache-maven-3.3.9-bin\local  repository\com\fasterxml\jackson\datatype\jackson-datatype-jsr310\2.9.8\jackson-datatype-jsr310-2.9.8.jar;F:\apache-maven-3.3.9-bin\local  repository\com\fasterxml\jackson\module\jackson-module-parameter-names\2.9.8\jackson-module-parameter-names-2.9.8.jar;F:\apache-maven-3.3.9-bin\local  repository\org\springframework\boot\spring-boot-starter-tomcat\2.1.3.RELEASE\spring-boot-starter-tomcat-2.1.3.RELEASE.jar;F:\apache-maven-3.3.9-bin\local  repository\org\apache\tomcat\embed\tomcat-embed-core\9.0.16\tomcat-embed-core-9.0.16.jar;F:\apache-maven-3.3.9-bin\local  repository\org\apache\tomcat\embed\tomcat-embed-el\9.0.16\tomcat-embed-el-9.0.16.jar;F:\apache-maven-3.3.9-bin\local  repository\org\apache\tomcat\embed\tomcat-embed-websocket\9.0.16\tomcat-embed-websocket-9.0.16.jar;F:\apache-maven-3.3.9-bin\local  repository\org\hibernate\validator\hibernate-validator\6.0.14.Final\hibernate-validator-6.0.14.Final.jar;F:\apache-maven-3.3.9-bin\local  repository\javax\validation\validation-api\2.0.1.Final\validation-api-2.0.1.Final.jar;F:\apache-maven-3.3.9-bin\local  repository\org\jboss\logging\jboss-logging\3.3.2.Final\jboss-logging-3.3.2.Final.jar;F:\apache-maven-3.3.9-bin\local  repository\com\fasterxml\classmate\1.4.0\classmate-1.4.0.jar;F:\apache-maven-3.3.9-bin\local  repository\org\springframework\spring-webmvc\5.1.5.RELEASE\spring-webmvc-5.1.5.RELEASE.jar;F:\apache-maven-3.3.9-bin\local  repository\org\springframework\spring-aop\5.1.5.RELEASE\spring-aop-5.1.5.RELEASE.jar;F:\apache-maven-3.3.9-bin\local  repository\org\springframework\spring-context\5.1.5.RELEASE\spring-context-5.1.5.RELEASE.jar;F:\apache-maven-3.3.9-bin\local  repository\org\springframework\spring-expression\5.1.5.RELEASE\spring-expression-5.1.5.RELEASE.jar;F:\apache-maven-3.3.9-bin\local  repository\org\springframework\boot\spring-boot-starter-actuator\2.1.3.RELEASE\spring-boot-starter-actuator-2.1.3.RELEASE.jar;F:\apache-maven-3.3.9-bin\local  repository\org\springframework\boot\spring-boot-actuator-autoconfigure\2.1.3.RELEASE\spring-boot-actuator-autoconfigure-2.1.3.RELEASE.jar;F:\apache-maven-3.3.9-bin\local  repository\org\springframework\boot\spring-boot-actuator\2.1.3.RELEASE\spring-boot-actuator-2.1.3.RELEASE.jar;F:\apache-maven-3.3.9-bin\local  repository\io\micrometer\micrometer-core\1.1.3\micrometer-core-1.1.3.jar;F:\apache-maven-3.3.9-bin\local  repository\org\hdrhistogram\HdrHistogram\2.1.9\HdrHistogram-2.1.9.jar;F:\apache-maven-3.3.9-bin\local  repository\org\latencyutils\LatencyUtils\2.0.3\LatencyUtils-2.0.3.jar;F:\apache-maven-3.3.9-bin\local  repository\org\springframework\cloud\spring-cloud-starter-netflix-hystrix\2.1.0.RELEASE\spring-cloud-starter-netflix-hystrix-2.1.0.RELEASE.jar;F:\apache-maven-3.3.9-bin\local  repository\org\springframework\cloud\spring-cloud-netflix-ribbon\2.1.0.RELEASE\spring-cloud-netflix-ribbon-2.1.0.RELEASE.jar;F:\apache-maven-3.3.9-bin\local  repository\com\netflix\hystrix\hystrix-core\1.5.18\hystrix-core-1.5.18.jar;F:\apache-maven-3.3.9-bin\local  repository\com\netflix\hystrix\hystrix-serialization\1.5.18\hystrix-serialization-1.5.18.jar;F:\apache-maven-3.3.9-bin\local  repository\com\fasterxml\jackson\module\jackson-module-afterburner\2.9.8\jackson-module-afterburner-2.9.8.jar;F:\apache-maven-3.3.9-bin\local  repository\com\netflix\hystrix\hystrix-metrics-event-stream\1.5.18\hystrix-metrics-event-stream-1.5.18.jar;F:\apache-maven-3.3.9-bin\local  repository\com\netflix\hystrix\hystrix-javanica\1.5.18\hystrix-javanica-1.5.18.jar;F:\apache-maven-3.3.9-bin\local  repository\org\ow2\asm\asm\5.0.4\asm-5.0.4.jar;F:\apache-maven-3.3.9-bin\local  repository\org\aspectj\aspectjweaver\1.9.2\aspectjweaver-1.9.2.jar;F:\apache-maven-3.3.9-bin\local  repository\io\reactivex\rxjava-reactive-streams\1.2.1\rxjava-reactive-streams-1.2.1.jar;F:\apache-maven-3.3.9-bin\local  repository\org\reactivestreams\reactive-streams\1.0.2\reactive-streams-1.0.2.jar;F:\apache-maven-3.3.9-bin\local  repository\org\springframework\cloud\spring-cloud-starter-netflix-ribbon\2.1.0.RELEASE\spring-cloud-starter-netflix-ribbon-2.1.0.RELEASE.jar;F:\apache-maven-3.3.9-bin\local  repository\com\netflix\ribbon\ribbon\2.3.0\ribbon-2.3.0.jar;F:\apache-maven-3.3.9-bin\local  repository\com\netflix\ribbon\ribbon-transport\2.3.0\ribbon-transport-2.3.0.jar;F:\apache-maven-3.3.9-bin\local  repository\io\reactivex\rxnetty-contexts\0.4.9\rxnetty-contexts-0.4.9.jar;F:\apache-maven-3.3.9-bin\local  repository\io\reactivex\rxnetty-servo\0.4.9\rxnetty-servo-0.4.9.jar;F:\apache-maven-3.3.9-bin\local  repository\io\reactivex\rxnetty\0.4.9\rxnetty-0.4.9.jar;F:\apache-maven-3.3.9-bin\local  repository\com\netflix\ribbon\ribbon-core\2.3.0\ribbon-core-2.3.0.jar;F:\apache-maven-3.3.9-bin\local  repository\commons-lang\commons-lang\2.6\commons-lang-2.6.jar;F:\apache-maven-3.3.9-bin\local  repository\com\netflix\ribbon\ribbon-httpclient\2.3.0\ribbon-httpclient-2.3.0.jar;F:\apache-maven-3.3.9-bin\local  repository\com\netflix\ribbon\ribbon-loadbalancer\2.3.0\ribbon-loadbalancer-2.3.0.jar;F:\apache-maven-3.3.9-bin\local  repository\com\netflix\netflix-commons\netflix-statistics\0.1.1\netflix-statistics-0.1.1.jar;F:\apache-maven-3.3.9-bin\local  repository\io\reactivex\rxjava\1.3.8\rxjava-1.3.8.jar;F:\apache-maven-3.3.9-bin\local  repository\org\springframework\cloud\spring-cloud-starter-netflix-archaius\2.1.0.RELEASE\spring-cloud-starter-netflix-archaius-2.1.0.RELEASE.jar;F:\apache-maven-3.3.9-bin\local  repository\org\springframework\cloud\spring-cloud-netflix-archaius\2.1.0.RELEASE\spring-cloud-netflix-archaius-2.1.0.RELEASE.jar;F:\apache-maven-3.3.9-bin\local  repository\com\netflix\archaius\archaius-core\0.7.6\archaius-core-0.7.6.jar;F:\apache-maven-3.3.9-bin\local  repository\com\google\code\findbugs\jsr305\3.0.1\jsr305-3.0.1.jar;F:\apache-maven-3.3.9-bin\local  repository\commons-configuration\commons-configuration\1.8\commons-configuration-1.8.jar;F:\apache-maven-3.3.9-bin\local  repository\com\netflix\zuul\zuul-core\1.3.1\zuul-core-1.3.1.jar;F:\apache-maven-3.3.9-bin\local  repository\commons-io\commons-io\2.4\commons-io-2.4.jar;F:\apache-maven-3.3.9-bin\local  repository\org\slf4j\slf4j-api\1.7.25\slf4j-api-1.7.25.jar;F:\apache-maven-3.3.9-bin\local  repository\com\netflix\servo\servo-core\0.12.21\servo-core-0.12.21.jar;F:\apache-maven-3.3.9-bin\local  repository\org\springframework\cloud\spring-cloud-starter-netflix-eureka-client\2.1.0.RELEASE\spring-cloud-starter-netflix-eureka-client-2.1.0.RELEASE.jar;F:\apache-maven-3.3.9-bin\local  repository\org\springframework\cloud\spring-cloud-netflix-hystrix\2.1.0.RELEASE\spring-cloud-netflix-hystrix-2.1.0.RELEASE.jar;F:\apache-maven-3.3.9-bin\local  repository\org\springframework\boot\spring-boot-autoconfigure\2.1.3.RELEASE\spring-boot-autoconfigure-2.1.3.RELEASE.jar;F:\apache-maven-3.3.9-bin\local  repository\org\springframework\boot\spring-boot-starter-aop\2.1.3.RELEASE\spring-boot-starter-aop-2.1.3.RELEASE.jar;F:\apache-maven-3.3.9-bin\local  repository\org\springframework\cloud\spring-cloud-netflix-eureka-client\2.1.0.RELEASE\spring-cloud-netflix-eureka-client-2.1.0.RELEASE.jar;F:\apache-maven-3.3.9-bin\local  repository\com\netflix\eureka\eureka-client\1.9.8\eureka-client-1.9.8.jar;F:\apache-maven-3.3.9-bin\local  repository\org\codehaus\jettison\jettison\1.3.7\jettison-1.3.7.jar;F:\apache-maven-3.3.9-bin\local  repository\stax\stax-api\1.0.1\stax-api-1.0.1.jar;F:\apache-maven-3.3.9-bin\local  repository\com\netflix\netflix-commons\netflix-eventbus\0.3.0\netflix-eventbus-0.3.0.jar;F:\apache-maven-3.3.9-bin\local  repository\com\netflix\netflix-commons\netflix-infix\0.3.0\netflix-infix-0.3.0.jar;F:\apache-maven-3.3.9-bin\local  repository\commons-jxpath\commons-jxpath\1.3\commons-jxpath-1.3.jar;F:\apache-maven-3.3.9-bin\local  repository\joda-time\joda-time\2.10.1\joda-time-2.10.1.jar;F:\apache-maven-3.3.9-bin\local  repository\org\antlr\antlr-runtime\3.4\antlr-runtime-3.4.jar;F:\apache-maven-3.3.9-bin\local  repository\org\antlr\stringtemplate\3.2.1\stringtemplate-3.2.1.jar;F:\apache-maven-3.3.9-bin\local  repository\antlr\antlr\2.7.7\antlr-2.7.7.jar;F:\apache-maven-3.3.9-bin\local  repository\com\google\code\gson\gson\2.8.5\gson-2.8.5.jar;F:\apache-maven-3.3.9-bin\local  repository\org\apache\commons\commons-math\2.2\commons-math-2.2.jar;F:\apache-maven-3.3.9-bin\local  repository\javax\ws\rs\jsr311-api\1.1.1\jsr311-api-1.1.1.jar;F:\apache-maven-3.3.9-bin\local  repository\com\sun\jersey\jersey-core\1.19.1\jersey-core-1.19.1.jar;F:\apache-maven-3.3.9-bin\local  repository\com\sun\jersey\jersey-client\1.19.1\jersey-client-1.19.1.jar;F:\apache-maven-3.3.9-bin\local  repository\com\sun\jersey\contribs\jersey-apache-client4\1.19.1\jersey-apache-client4-1.19.1.jar;F:\apache-maven-3.3.9-bin\local  repository\com\google\inject\guice\4.1.0\guice-4.1.0.jar;F:\apache-maven-3.3.9-bin\local  repository\aopalliance\aopalliance\1.0\aopalliance-1.0.jar;F:\apache-maven-3.3.9-bin\local  repository\com\github\vlsi\compactmap\compactmap\1.2.1\compactmap-1.2.1.jar;F:\apache-maven-3.3.9-bin\local  repository\com\github\andrewoma\dexx\dexx-collections\0.2\dexx-collections-0.2.jar;F:\apache-maven-3.3.9-bin\local  repository\com\fasterxml\jackson\core\jackson-core\2.9.8\jackson-core-2.9.8.jar;F:\apache-maven-3.3.9-bin\local  repository\com\netflix\eureka\eureka-core\1.9.8\eureka-core-1.9.8.jar;F:\apache-maven-3.3.9-bin\local  repository\org\codehaus\woodstox\woodstox-core-asl\4.4.1\woodstox-core-asl-4.4.1.jar;F:\apache-maven-3.3.9-bin\local  repository\javax\xml\stream\stax-api\1.0-2\stax-api-1.0-2.jar;F:\apache-maven-3.3.9-bin\local  repository\org\codehaus\woodstox\stax2-api\3.1.4\stax2-api-3.1.4.jar;F:\apache-maven-3.3.9-bin\local  repository\com\netflix\ribbon\ribbon-eureka\2.3.0\ribbon-eureka-2.3.0.jar;F:\apache-maven-3.3.9-bin\local  repository\com\thoughtworks\xstream\xstream\1.4.10\xstream-1.4.10.jar;F:\apache-maven-3.3.9-bin\local  repository\xmlpull\xmlpull\1.1.3.1\xmlpull-1.1.3.1.jar;F:\apache-maven-3.3.9-bin\local  repository\xpp3\xpp3_min\1.1.4c\xpp3_min-1.1.4c.jar;F:\apache-maven-3.3.9-bin\local  repository\org\springframework\boot\spring-boot-starter-test\2.1.3.RELEASE\spring-boot-starter-test-2.1.3.RELEASE.jar;F:\apache-maven-3.3.9-bin\local  repository\org\springframework\boot\spring-boot-starter\2.1.3.RELEASE\spring-boot-starter-2.1.3.RELEASE.jar;F:\apache-maven-3.3.9-bin\local  repository\org\springframework\boot\spring-boot\2.1.3.RELEASE\spring-boot-2.1.3.RELEASE.jar;F:\apache-maven-3.3.9-bin\local  repository\org\springframework\boot\spring-boot-starter-logging\2.1.3.RELEASE\spring-boot-starter-logging-2.1.3.RELEASE.jar;F:\apache-maven-3.3.9-bin\local  repository\ch\qos\logback\logback-classic\1.2.3\logback-classic-1.2.3.jar;F:\apache-maven-3.3.9-bin\local  repository\ch\qos\logback\logback-core\1.2.3\logback-core-1.2.3.jar;F:\apache-maven-3.3.9-bin\local  repository\org\apache\logging\log4j\log4j-to-slf4j\2.11.2\log4j-to-slf4j-2.11.2.jar;F:\apache-maven-3.3.9-bin\local  repository\org\apache\logging\log4j\log4j-api\2.11.2\log4j-api-2.11.2.jar;F:\apache-maven-3.3.9-bin\local  repository\org\slf4j\jul-to-slf4j\1.7.25\jul-to-slf4j-1.7.25.jar;F:\apache-maven-3.3.9-bin\local  repository\javax\annotation\javax.annotation-api\1.3.2\javax.annotation-api-1.3.2.jar;F:\apache-maven-3.3.9-bin\local  repository\org\yaml\snakeyaml\1.23\snakeyaml-1.23.jar;F:\apache-maven-3.3.9-bin\local  repository\org\springframework\boot\spring-boot-test\2.1.3.RELEASE\spring-boot-test-2.1.3.RELEASE.jar;F:\apache-maven-3.3.9-bin\local  repository\org\springframework\boot\spring-boot-test-autoconfigure\2.1.3.RELEASE\spring-boot-test-autoconfigure-2.1.3.RELEASE.jar;F:\apache-maven-3.3.9-bin\local  repository\com\jayway\jsonpath\json-path\2.4.0\json-path-2.4.0.jar;F:\apache-maven-3.3.9-bin\local  repository\net\minidev\json-smart\2.3\json-smart-2.3.jar;F:\apache-maven-3.3.9-bin\local  repository\net\minidev\accessors-smart\1.2\accessors-smart-1.2.jar;F:\apache-maven-3.3.9-bin\local  repository\junit\junit\4.12\junit-4.12.jar;F:\apache-maven-3.3.9-bin\local  repository\org\assertj\assertj-core\3.11.1\assertj-core-3.11.1.jar;F:\apache-maven-3.3.9-bin\local  repository\org\mockito\mockito-core\2.23.4\mockito-core-2.23.4.jar;F:\apache-maven-3.3.9-bin\local  repository\net\bytebuddy\byte-buddy\1.9.10\byte-buddy-1.9.10.jar;F:\apache-maven-3.3.9-bin\local  repository\net\bytebuddy\byte-buddy-agent\1.9.10\byte-buddy-agent-1.9.10.jar;F:\apache-maven-3.3.9-bin\local  repository\org\objenesis\objenesis\2.6\objenesis-2.6.jar;F:\apache-maven-3.3.9-bin\local  repository\org\hamcrest\hamcrest-core\1.3\hamcrest-core-1.3.jar;F:\apache-maven-3.3.9-bin\local  repository\org\hamcrest\hamcrest-library\1.3\hamcrest-library-1.3.jar;F:\apache-maven-3.3.9-bin\local  repository\org\skyscreamer\jsonassert\1.5.0\jsonassert-1.5.0.jar;F:\apache-maven-3.3.9-bin\local  repository\com\vaadin\external\google\android-json\0.0.20131108.vaadin1\android-json-0.0.20131108.vaadin1.jar;F:\apache-maven-3.3.9-bin\local  repository\org\springframework\spring-core\5.1.5.RELEASE\spring-core-5.1.5.RELEASE.jar;F:\apache-maven-3.3.9-bin\local  repository\org\springframework\spring-jcl\5.1.5.RELEASE\spring-jcl-5.1.5.RELEASE.jar;F:\apache-maven-3.3.9-bin\local  repository\org\springframework\spring-test\5.1.5.RELEASE\spring-test-5.1.5.RELEASE.jar;F:\apache-maven-3.3.9-bin\local  repository\org\xmlunit\xmlunit-core\2.6.2\xmlunit-core-2.6.2.jar;F:\apache-maven-3.3.9-bin\local  repository\org\springframework\cloud\spring-cloud-starter-zipkin\2.1.0.RELEASE\spring-cloud-starter-zipkin-2.1.0.RELEASE.jar;F:\apache-maven-3.3.9-bin\local  repository\org\springframework\cloud\spring-cloud-starter-sleuth\2.1.0.RELEASE\spring-cloud-starter-sleuth-2.1.0.RELEASE.jar;F:\apache-maven-3.3.9-bin\local  repository\org\springframework\cloud\spring-cloud-sleuth-core\2.1.0.RELEASE\spring-cloud-sleuth-core-2.1.0.RELEASE.jar;F:\apache-maven-3.3.9-bin\local  repository\org\aspectj\aspectjrt\1.9.2\aspectjrt-1.9.2.jar;F:\apache-maven-3.3.9-bin\local  repository\io\zipkin\brave\brave\5.6.1\brave-5.6.1.jar;F:\apache-maven-3.3.9-bin\local  repository\io\zipkin\brave\brave-context-log4j2\5.6.1\brave-context-log4j2-5.6.1.jar;F:\apache-maven-3.3.9-bin\local  repository\io\zipkin\brave\brave-instrumentation-spring-web\5.6.1\brave-instrumentation-spring-web-5.6.1.jar;F:\apache-maven-3.3.9-bin\local  repository\io\zipkin\brave\brave-instrumentation-http\5.6.1\brave-instrumentation-http-5.6.1.jar;F:\apache-maven-3.3.9-bin\local  repository\io\zipkin\brave\brave-instrumentation-spring-rabbit\5.6.1\brave-instrumentation-spring-rabbit-5.6.1.jar;F:\apache-maven-3.3.9-bin\local  repository\io\zipkin\brave\brave-instrumentation-kafka-clients\5.6.1\brave-instrumentation-kafka-clients-5.6.1.jar;F:\apache-maven-3.3.9-bin\local  repository\io\zipkin\brave\brave-instrumentation-httpclient\5.6.1\brave-instrumentation-httpclient-5.6.1.jar;F:\apache-maven-3.3.9-bin\local  repository\io\zipkin\brave\brave-instrumentation-httpasyncclient\5.6.1\brave-instrumentation-httpasyncclient-5.6.1.jar;F:\apache-maven-3.3.9-bin\local  repository\io\zipkin\brave\brave-instrumentation-spring-webmvc\5.6.1\brave-instrumentation-spring-webmvc-5.6.1.jar;F:\apache-maven-3.3.9-bin\local  repository\io\zipkin\brave\brave-instrumentation-servlet\5.6.1\brave-instrumentation-servlet-5.6.1.jar;F:\apache-maven-3.3.9-bin\local  repository\io\zipkin\brave\brave-instrumentation-jms\5.6.1\brave-instrumentation-jms-5.6.1.jar;F:\apache-maven-3.3.9-bin\local  repository\org\springframework\cloud\spring-cloud-sleuth-zipkin\2.1.0.RELEASE\spring-cloud-sleuth-zipkin-2.1.0.RELEASE.jar;F:\apache-maven-3.3.9-bin\local  repository\io\zipkin\zipkin2\zipkin\2.12.0\zipkin-2.12.0.jar;F:\apache-maven-3.3.9-bin\local  repository\io\zipkin\reporter2\zipkin-reporter\2.7.14\zipkin-reporter-2.7.14.jar;F:\apache-maven-3.3.9-bin\local  repository\io\zipkin\reporter2\zipkin-sender-kafka11\2.7.14\zipkin-sender-kafka11-2.7.14.jar;F:\apache-maven-3.3.9-bin\local  repository\io\zipkin\reporter2\zipkin-sender-amqp-client\2.7.14\zipkin-sender-amqp-client-2.7.14.jar;F:\apache-maven-3.3.9-bin\local  repository\com\zkml\user_client\1.0-SNAPSHOT\user_client-1.0-SNAPSHOT.jar;F:\apache-maven-3.3.9-bin\local  repository\org\springframework\cloud\spring-cloud-starter-openfeign\2.1.0.RELEASE\spring-cloud-starter-openfeign-2.1.0.RELEASE.jar;F:\apache-maven-3.3.9-bin\local  repository\org\springframework\cloud\spring-cloud-openfeign-core\2.1.0.RELEASE\spring-cloud-openfeign-core-2.1.0.RELEASE.jar;F:\apache-maven-3.3.9-bin\local  repository\io\github\openfeign\form\feign-form-spring\3.5.0\feign-form-spring-3.5.0.jar;F:\apache-maven-3.3.9-bin\local  repository\io\github\openfeign\form\feign-form\3.5.0\feign-form-3.5.0.jar;F:\apache-maven-3.3.9-bin\local  repository\commons-fileupload\commons-fileupload\1.3.3\commons-fileupload-1.3.3.jar;F:\apache-maven-3.3.9-bin\local  repository\io\github\openfeign\feign-core\10.1.0\feign-core-10.1.0.jar;F:\apache-maven-3.3.9-bin\local  repository\io\github\openfeign\feign-slf4j\10.1.0\feign-slf4j-10.1.0.jar;F:\apache-maven-3.3.9-bin\local  repository\io\github\openfeign\feign-hystrix\10.1.0\feign-hystrix-10.1.0.jar;F:\apache-maven-3.3.9-bin\local  repository\org\springframework\spring-web\5.1.5.RELEASE\spring-web-5.1.5.RELEASE.jar;F:\apache-maven-3.3.9-bin\local  repository\org\springframework\spring-beans\5.1.5.RELEASE\spring-beans-5.1.5.RELEASE.jar;F:\apache-maven-3.3.9-bin\local  repository\org\projectlombok\lombok\1.18.6\lombok-1.18.6.jar;F:\apache-maven-3.3.9-bin\local  repository\com\fasterxml\jackson\core\jackson-annotations\2.9.0\jackson-annotations-2.9.0.jar;F:\apache-maven-3.3.9-bin\local  repository\com\zkml\ms_common_obj\0.0.1-SNAPSHOT\ms_common_obj-0.0.1-SNAPSHOT.jar;F:\apache-maven-3.3.9-bin\local  repository\com\zkml\sso_api\2.0-SNAPSHOT\sso_api-2.0-SNAPSHOT.jar;F:\apache-maven-3.3.9-bin\local  repository\com\alibaba\fastjson\1.2.58\fastjson-1.2.58.jar;F:\apache-maven-3.3.9-bin\local  repository\com\zkml\ms_common_util\1.0-SNAPSHOT\ms_common_util-1.0-SNAPSHOT.jar;F:\apache-maven-3.3.9-bin\local  repository\com\fasterxml\jackson\core\jackson-databind\2.9.8\jackson-databind-2.9.8.jar;F:\apache-maven-3.3.9-bin\local  repository\com\google\guava\guava\19.0\guava-19.0.jar;F:\apache-maven-3.3.9-bin\local  repository\net\sf\dozer\dozer\5.5.1\dozer-5.5.1.jar;F:\apache-maven-3.3.9-bin\local  repository\org\apache\commons\commons-lang3\3.8.1\commons-lang3-3.8.1.jar;F:\apache-maven-3.3.9-bin\local  repository\commons-beanutils\commons-beanutils\1.9.3\commons-beanutils-1.9.3.jar;F:\apache-maven-3.3.9-bin\local  repository\commons-logging\commons-logging\1.2\commons-logging-1.2.jar;F:\apache-maven-3.3.9-bin\local  repository\commons-collections\commons-collections\3.2.2\commons-collections-3.2.2.jar;F:\apache-maven-3.3.9-bin\local  repository\org\slf4j\jcl-over-slf4j\1.7.25\jcl-over-slf4j-1.7.25.jar;"/>
    <property name="sun.cpu.endian" value="little"/>
    <property name="user.home" value="C:\Users\fanghui"/>
    <property name="user.language" value="zh"/>
    <property name="java.specification.vendor" value="Oracle Corporation"/>
    <property name="java.home" value="F:\jdk1.8\jre"/>
    <property name="basedir" value="F:\workspace\official_reception\official_zuul"/>
    <property name="file.separator" value="\"/>
    <property name="line.separator" value="&#10;"/>
    <property name="java.vm.specification.vendor" value="Oracle Corporation"/>
    <property name="java.specification.name" value="Java Platform API Specification"/>
    <property name="java.awt.graphicsenv" value="sun.awt.Win32GraphicsEnvironment"/>
    <property name="surefire.real.class.path" value="C:\Users\fanghui\AppData\Local\Temp\surefire1117756694097946084\surefirebooter5745260242696237796.jar"/>
    <property name="sun.boot.class.path" value="F:\jdk1.8\jre\lib\resources.jar;F:\jdk1.8\jre\lib\rt.jar;F:\jdk1.8\jre\lib\sunrsasign.jar;F:\jdk1.8\jre\lib\jsse.jar;F:\jdk1.8\jre\lib\jce.jar;F:\jdk1.8\jre\lib\charsets.jar;F:\jdk1.8\jre\lib\jfr.jar;F:\jdk1.8\jre\classes"/>
    <property name="user.script" value=""/>
    <property name="sun.management.compiler" value="HotSpot 64-Bit Tiered Compilers"/>
    <property name="java.runtime.version" value="1.8.0_60-b27"/>
    <property name="user.name" value="fanghui"/>
    <property name="path.separator" value=";"/>
    <property name="os.version" value="6.1"/>
    <property name="java.endorsed.dirs" value="F:\jdk1.8\jre\lib\endorsed"/>
    <property name="java.runtime.name" value="Java(TM) SE Runtime Environment"/>
    <property name="file.encoding" value="GBK"/>
    <property name="java.vm.name" value="Java HotSpot(TM) 64-Bit Server VM"/>
    <property name="localRepository" value="F:\apache-maven-3.3.9-bin\local  repository"/>
    <property name="java.vendor.url.bug" value="http://bugreport.sun.com/bugreport/"/>
    <property name="java.io.tmpdir" value="C:\Users\fanghui\AppData\Local\Temp\"/>
    <property name="idea.version" value="2017.1.4"/>
    <property name="java.version" value="1.8.0_60"/>
    <property name="user.dir" value="F:\workspace\official_reception\official_zuul"/>
    <property name="os.arch" value="amd64"/>
    <property name="java.vm.specification.name" value="Java Virtual Machine Specification"/>
    <property name="java.awt.printerjob" value="sun.awt.windows.WPrinterJob"/>
    <property name="sun.os.patch.level" value="Service Pack 1"/>
    <property name="java.library.path" value="F:\jdk1.8\jre\bin;C:\Windows\Sun\Java\bin;C:\Windows\system32;C:\Windows;C:\Windows\system32;C:\Windows;C:\Windows\System32\Wbem;C:\Windows\System32\WindowsPowerShell\v1.0\;C:\Program Files (x86)\NVIDIA Corporation\PhysX\Common;F:\jdk1.8\bin;F:\jdk1.8\jre\bin;D:\Program Files\TortoiseSVN\bin;D:\Mysql\bin;D:\Git\cmd;."/>
    <property name="java.vm.info" value="mixed mode"/>
    <property name="java.vendor" value="Oracle Corporation"/>
    <property name="java.vm.version" value="25.60-b23"/>
    <property name="java.ext.dirs" value="F:\jdk1.8\jre\lib\ext;C:\Windows\Sun\Java\lib\ext"/>
    <property name="sun.io.unicode.encoding" value="UnicodeLittle"/>
    <property name="maven.repo.local" value="F:\apache-maven-3.3.9-bin\local  repository"/>
    <property name="java.class.version" value="52.0"/>
  </properties>
  <testcase name="contextLoads" classname="com.zkml.official_zuul.DemoZuulApplicationTests" time="0.191"/>
</testsuite>